# JRE version: OpenJDK Runtime Environment Corretto-21.0.6.7.1 (21.0.6+7) (build 21.0.6+7-LTS)
# Java VM: OpenJDK 64-Bit Server VM Corretto-21.0.6.7.1 (21.0.6+7-LTS, mixed mode, sharing, tiered, compressed oops, compressed class ptrs, g1 gc, windows-amd64)
GC Precious Log:
 CardTable entry size: 512
 Card Set container configuration: InlinePtr #cards 4 size 8 Array Of Cards #cards 16 size 48 Howl #buckets 8 coarsen threshold 3686 Howl Bitmap #cards 512 size 80 coarsen threshold 460 Card regions per heap region 1 cards per card region 4096
 CPUs: 12 total, 12 available
 Memory: 16087M
 Large Page Support: Disabled
 NUMA Support: Disabled
 Compressed Oops: Enabled (Zero based)
 Heap Region Size: 2M
 Heap Min Capacity: 8M
 Heap Initial Capacity: 252M
 Heap Max Capacity: 4022M
 Pre-touch: Disabled
 Parallel Workers: 10
 Concurrent Workers: 3
 Concurrent Refinement Workers: 10
 Periodic GC: Disabled
Heap:
 garbage-first heap   total 157696K, used 48181K [0x0000000704a00000, 0x0000000800000000)
  region size 2048K, 15 young (30720K), 2 survivors (4096K)
 Metaspace       used 58252K, committed 58816K, reserved 1114112K
  class space    used 8178K, committed 8448K, reserved 1048576K
GC Heap History (20 events):
Event: 0.199 GC heap before
{Heap before GC invocations=0 (full 0):
 garbage-first heap   total 258048K, used 20480K [0x0000000704a00000, 0x0000000800000000)
  region size 2048K, 11 young (22528K), 0 survivors (0K)
 Metaspace       used 2524K, committed 2624K, reserved 1114112K
  class space    used 273K, committed 320K, reserved 1048576K
}
Event: 0.202 GC heap after
{Heap after GC invocations=1 (full 0):
 garbage-first heap   total 258048K, used 4215K [0x0000000704a00000, 0x0000000800000000)
  region size 2048K, 2 young (4096K), 2 survivors (4096K)
 Metaspace       used 2524K, committed 2624K, reserved 1114112K
  class space    used 273K, committed 320K, reserved 1048576K
}
Event: 0.704 GC heap before
{Heap before GC invocations=1 (full 0):
 garbage-first heap   total 258048K, used 34935K [0x0000000704a00000, 0x0000000800000000)
  region size 2048K, 18 young (36864K), 2 survivors (4096K)
 Metaspace       used 13756K, committed 14080K, reserved 1114112K
  class space    used 1564K, committed 1728K, reserved 1048576K
}
Event: 0.709 GC heap after
{Heap after GC invocations=2 (full 0):
 garbage-first heap   total 258048K, used 7749K [0x0000000704a00000, 0x0000000800000000)
  region size 2048K, 2 young (4096K), 2 survivors (4096K)
 Metaspace       used 13756K, committed 14080K, reserved 1114112K
  class space    used 1564K, committed 1728K, reserved 1048576K
}
Event: 1.141 GC heap before
{Heap before GC invocations=2 (full 0):
 garbage-first heap   total 258048K, used 30277K [0x0000000704a00000, 0x0000000800000000)
  region size 2048K, 14 young (28672K), 2 survivors (4096K)
 Metaspace       used 21221K, committed 21504K, reserved 1114112K
  class space    used 2488K, committed 2624K, reserved 1048576K
}
Event: 1.144 GC heap after
{Heap after GC invocations=3 (full 0):
 garbage-first heap   total 258048K, used 9760K [0x0000000704a00000, 0x0000000800000000)
  region size 2048K, 3 young (6144K), 3 survivors (6144K)
 Metaspace       used 21221K, committed 21504K, reserved 1114112K
  class space    used 2488K, committed 2624K, reserved 1048576K
}
Event: 1.385 GC heap before
{Heap before GC invocations=4 (full 0):
 garbage-first heap   total 40960K, used 38432K [0x0000000704a00000, 0x0000000800000000)
  region size 2048K, 17 young (34816K), 3 survivors (6144K)
 Metaspace       used 26647K, committed 27072K, reserved 1114112K
  class space    used 3238K, committed 3456K, reserved 1048576K
}
Event: 1.389 GC heap after
{Heap after GC invocations=5 (full 0):
 garbage-first heap   total 49152K, used 10932K [0x0000000704a00000, 0x0000000800000000)
  region size 2048K, 4 young (8192K), 4 survivors (8192K)
 Metaspace       used 26647K, committed 27072K, reserved 1114112K
  class space    used 3238K, committed 3456K, reserved 1048576K
}
Event: 1.516 GC heap before
{Heap before GC invocations=5 (full 0):
 garbage-first heap   total 49152K, used 31412K [0x0000000704a00000, 0x0000000800000000)
  region size 2048K, 14 young (28672K), 4 survivors (8192K)
 Metaspace       used 31174K, committed 31616K, reserved 1114112K
  class space    used 3942K, committed 4160K, reserved 1048576K
}
Event: 1.520 GC heap after
{Heap after GC invocations=6 (full 0):
 garbage-first heap   total 49152K, used 11503K [0x0000000704a00000, 0x0000000800000000)
  region size 2048K, 1 young (2048K), 1 survivors (2048K)
 Metaspace       used 31174K, committed 31616K, reserved 1114112K
  class space    used 3942K, committed 4160K, reserved 1048576K
}
Event: 1.702 GC heap before
{Heap before GC invocations=6 (full 0):
 garbage-first heap   total 49152K, used 27887K [0x0000000704a00000, 0x0000000800000000)
  region size 2048K, 10 young (20480K), 1 survivors (2048K)
 Metaspace       used 35609K, committed 35968K, reserved 1114112K
  class space    used 4622K, committed 4800K, reserved 1048576K
}
Event: 1.704 GC heap after
{Heap after GC invocations=7 (full 0):
 garbage-first heap   total 153600K, used 12053K [0x0000000704a00000, 0x0000000800000000)
  region size 2048K, 2 young (4096K), 2 survivors (4096K)
 Metaspace       used 35609K, committed 35968K, reserved 1114112K
  class space    used 4622K, committed 4800K, reserved 1048576K
}
Event: 1.998 GC heap before
{Heap before GC invocations=8 (full 0):
 garbage-first heap   total 49152K, used 44821K [0x0000000704a00000, 0x0000000800000000)
  region size 2048K, 19 young (38912K), 2 survivors (4096K)
 Metaspace       used 41384K, committed 41856K, reserved 1114112K
  class space    used 5601K, committed 5824K, reserved 1048576K
}
Event: 2.001 GC heap after
{Heap after GC invocations=9 (full 0):
 garbage-first heap   total 53248K, used 13067K [0x0000000704a00000, 0x0000000800000000)
  region size 2048K, 2 young (4096K), 2 survivors (4096K)
 Metaspace       used 41384K, committed 41856K, reserved 1114112K
  class space    used 5601K, committed 5824K, reserved 1048576K
}
Event: 2.262 GC heap before
{Heap before GC invocations=9 (full 0):
 garbage-first heap   total 53248K, used 39691K [0x0000000704a00000, 0x0000000800000000)
  region size 2048K, 15 young (30720K), 2 survivors (4096K)
 Metaspace       used 46374K, committed 46912K, reserved 1114112K
  class space    used 6423K, committed 6656K, reserved 1048576K
}
Event: 2.266 GC heap after
{Heap after GC invocations=10 (full 0):
 garbage-first heap   total 53248K, used 15787K [0x0000000704a00000, 0x0000000800000000)
  region size 2048K, 2 young (4096K), 2 survivors (4096K)
 Metaspace       used 46374K, committed 46912K, reserved 1114112K
  class space    used 6423K, committed 6656K, reserved 1048576K
}
Event: 2.508 GC heap before
{Heap before GC invocations=10 (full 0):
 garbage-first heap   total 53248K, used 40363K [0x0000000704a00000, 0x0000000800000000)
  region size 2048K, 15 young (30720K), 2 survivors (4096K)
 Metaspace       used 50849K, committed 51328K, reserved 1114112K
  class space    used 7002K, committed 7232K, reserved 1048576K
}
Event: 2.510 GC heap after
{Heap after GC invocations=11 (full 0):
 garbage-first heap   total 53248K, used 20432K [0x0000000704a00000, 0x0000000800000000)
  region size 2048K, 2 young (4096K), 2 survivors (4096K)
 Metaspace       used 50849K, committed 51328K, reserved 1114112K
  class space    used 7002K, committed 7232K, reserved 1048576K
}
Event: 2.808 GC heap before
{Heap before GC invocations=11 (full 0):
 garbage-first heap   total 53248K, used 45008K [0x0000000704a00000, 0x0000000800000000)
  region size 2048K, 13 young (26624K), 2 survivors (4096K)
 Metaspace       used 54591K, committed 55104K, reserved 1114112K
  class space    used 7586K, committed 7808K, reserved 1048576K
}
Event: 2.810 GC heap after
{Heap after GC invocations=12 (full 0):
 garbage-first heap   total 157696K, used 25653K [0x0000000704a00000, 0x0000000800000000)
  region size 2048K, 2 young (4096K), 2 survivors (4096K)
 Metaspace       used 54591K, committed 55104K, reserved 1114112K
  class space    used 7586K, committed 7808K, reserved 1048576K
}

